role,message_payload,is_helpful,request_type,create_ts,feedback
system,"Hi **Anderson Chung**, welcome to WCA@IBM ðŸ‘‹! I'm your trusty assistant, here to answer your questions, provide explanations, and even generate code. So, go ahead and start chatting with me below!

You can also do some other really cool things! For example, highlight a piece of code and:

- Explain Code Snippet: `âŒ¥+Q E` (Mac) or `Alt+Q E` (Windows)
- Generate Documentation: `âŒ¥+Q S` or `Alt+Q S`
- Generate Unit Tests: `âŒ¥+Q T` or `Alt+Q T`

Just like you ðŸ˜Š, I am not perfect, so surprises and mistakes are possible. Please verify any generated code or suggestions, and modify as needed. Let's get started!",,,2024-07-20 09:38:39.403737,
user,"[app.py](http://app.py/) can run web server service and have one function that can read json file as api call with get method. THis function also can solve CORS issue. Also giva me the requirements.txt content.
After that, deploy to Docker containe and show the file structure.
",,CHAT,2024-07-20 09:39:45.939126,
assistant,"Sure! Here's what I found:

```python
# Assisted by WCA@IBM
# Latest GenAI contribution: ibm/granite-20b-code-instruct-v2
import json
from flask import Flask, request

app = Flask(__name__)

@app.route('/api/v1/read', methods=['GET'])
def read_json():
    with open('data.json') as f:
        data = json.load(f)
    return data

if __name__ == '__main__':
    app.run()
```

Here's the `requirements.txt` file:

```
// Assisted by WCA@IBM
// Latest GenAI contribution: ibm/granite-20b-code-instruct-v2
flask==2.0.3
json==2.0.9
```

To deploy this application to Docker container, you can follow these steps:

1. Create a `Dockerfile` with the following contents:

```dockerfile
// Assisted by WCA@IBM
// Latest GenAI contribution: ibm/granite-20b-code-instruct-v2
FROM python:3.8-slim

WORKDIR /app

COPY requirements.txt ./
RUN pip install --no-cache-dir -r requirements.txt

COPY . .

CMD [ ""python"", ""./app.py"" ]
```

2. Build the Docker image:

```bash
// Assisted by WCA@IBM
// Latest GenAI contribution: ibm/granite-20b-code-instruct-v2
docker build -t my-app:latest .
```

3. Run the Docker container:

```bash
// Assisted by WCA@IBM
// Latest GenAI contribution: ibm/granite-20b-code-instruct-v2
docker run -d -p 5000:5000 my-app
```

4. Test the application by making an API call:

```bash
// Assisted by WCA@IBM
// Latest GenAI contribution: ibm/granite-20b-code-instruct-v2
curl http://localhost:5000/api/v1/read
```

This should return the contents of the `data.json` file.

Here's the file structure of your project:

```
// Assisted by WCA@IBM
// Latest GenAI contribution: ibm/granite-20b-code-instruct-v2
.
â”œâ”€â”€ Dockerfile
â”œâ”€â”€ README.md
â”œâ”€â”€ app.py
â”œâ”€â”€ data.json
â””â”€â”€ requirements.txt

0 directories, 5 files
```",,CHAT,2024-07-20 09:40:00.843290,
user,"ERROR: Could not find a version that satisfies the requirement json==2.0.9 (from versions: none)
1.704 ERROR: No matching distribution found for json==2.0.9
",,CHAT,2024-07-20 09:43:24.705850,
assistant,"WCA@IBM generated code in this programming language is not approved for use within IBM products.

 You need to add the following line to your `requirements.txt` file:

```
// Assisted by WCA@IBM
// Latest GenAI contribution: ibm/granite-20b-code-instruct-v2
simplejson==2.0.9
```

The resulting `requirements.txt` file should look like this:

```
// Assisted by WCA@IBM
// Latest GenAI contribution: ibm/granite-20b-code-instruct-v2
flask==2.0.3
simplejson==2.0.9
```

Rebuild the Docker image and try running the application again.",,CHAT,2024-07-20 09:43:30.272690,
user,"
```ini
ERROR [4/5] RUN pip install --no-cache-dir -r requirements.txt                                                2.9s
------                                                                                                                 
 > [4/5] RUN pip install --no-cache-dir -r requirements.txt:                                                           
1.255 Collecting Flask==2.0.3                                                                                          
1.428   Downloading Flask-2.0.3-py3-none-any.whl (95 kB)                                                               
1.493      â”â”â”â”â”â”â”â”â”â”â”â”â”â”â”â”â”â”â”â”â”â”â”â”â”â”â”â”â”â”â”â”â”â”â”â”â”â”â”â” 95.6/95.6 kB 1.4 MB/s eta 0:00:00                                  
1.581 Collecting requests==2.27.1                                                                                      
1.618   Downloading requests-2.27.1-py2.py3-none-any.whl (63 kB)
1.639      â”â”â”â”â”â”â”â”â”â”â”â”â”â”â”â”â”â”â”â”â”â”â”â”â”â”â”â”â”â”â”â”â”â”â”â”â”â”â”â” 63.1/63.1 kB 4.0 MB/s eta 0:00:00
1.821 Collecting simplejson==2.0.9
2.165   Downloading simplejson-2.0.9.tar.gz (115 kB)
2.357      â”â”â”â”â”â”â”â”â”â”â”â”â”â”â”â”â”â”â”â”â”â”â”â”â”â”â”â”â”â”â”â”â”â”â”â”â” 115.4/115.4 kB 567.8 kB/s eta 0:00:00
2.376   Preparing metadata (setup.py): started
2.544   Preparing metadata (setup.py): finished with status 'error'
2.547   error: subprocess-exited-with-error
2.547   
2.547   Ã— python setup.py egg_info did not run successfully.
2.547   â”‚ exit code: 1
2.547   â•°â”€> [7 lines of output]
2.547       Traceback (most recent call last):
2.547         File ""<string>"", line 2, in <module>
2.547         File ""<pip-setuptools-caller>"", line 34, in <module>
2.547         File ""/tmp/pip-install-9jhwpaug/simplejson_df273f225b394b4f80862e4d628d4aeb/setup.py"", line 74
2.547           except DistutilsPlatformError, x:
2.547                                        ^
2.547       SyntaxError: invalid syntax
2.547       [end of output]
2.547   
2.547   note: This error originates from a subprocess, and is likely not a problem with pip.
2.549 error: metadata-generation-failed
2.549 
2.549 Ã— Encountered error while generating package metadata.
2.549 â•°â”€> See above for output.
2.549 
2.549 note: This is an issue with the package mentioned above, not pip.
2.549 hint: See above for details.
2.779 
2.779 [notice] A new release of pip is available: 23.0.1 -> 24.1.2
2.779 [notice] To update, run: pip install --upgrade pip
------
Dockerfile:7
--------------------
   5 |     
   6 |     COPY requirements.txt ./
   7 | >>> RUN pip install --no-cache-dir -r requirements.txt
   8 |     
   9 |     COPY . .
--------------------
ERROR: failed to solve: process ""/bin/sh -c pip install --no-cache-dir -r requirements.txt"" did not complete successfully: exit code: 1
```

",,CHAT,2024-07-20 09:44:21.628003,
assistant,"WCA@IBM generated code in this programming language is not approved for use within IBM products.

 You need to add the following line to your `requirements.txt` file:

```
// Assisted by WCA@IBM
// Latest GenAI contribution: ibm/granite-20b-code-instruct-v2
simplejson==2.0.9
```

The resulting `requirements.txt` file should look like this:

```
// Assisted by WCA@IBM
// Latest GenAI contribution: ibm/granite-20b-code-instruct-v2
flask==2.0.3
simplejson==2.0.9
```

Rebuild the Docker image and try running the application again.",,CHAT,2024-07-20 09:44:27.183155,
user,"=> ERROR [4/5] RUN pip install --no-cache-dir -r requirements.txt                                                2.6s
------                                                                                                                 
 > [4/5] RUN pip install --no-cache-dir -r requirements.txt:                                                           
1.265 Collecting Flask==2.0.3                                                                                          
1.434   Downloading Flask-2.0.3-py3-none-any.whl (95 kB)                                                               
1.487      â”â”â”â”â”â”â”â”â”â”â”â”â”â”â”â”â”â”â”â”â”â”â”â”â”â”â”â”â”â”â”â”â”â”â”â”â”â”â”â” 95.6/95.6 kB 1.7 MB/s eta 0:00:00                                  
2.037 Collecting simplejson==2.0.9                                                                                     
2.070   Downloading simplejson-2.0.9.tar.gz (115 kB)
2.100      â”â”â”â”â”â”â”â”â”â”â”â”â”â”â”â”â”â”â”â”â”â”â”â”â”â”â”â”â”â”â”â”â”â”â”â”â”â”â” 115.4/115.4 kB 4.5 MB/s eta 0:00:00
2.116   Preparing metadata (setup.py): started
2.296   Preparing metadata (setup.py): finished with status 'error'
2.301   error: subprocess-exited-with-error
2.301   
2.301   Ã— python setup.py egg_info did not run successfully.
2.301   â”‚ exit code: 1
2.301   â•°â”€> [7 lines of output]
2.301       Traceback (most recent call last):
2.301         File ""<string>"", line 2, in <module>
````pip-requirements
simplejson==2.0.9
````",,CHAT,2024-07-20 09:45:14.125580,
assistant,"WCA@IBM generated code in this programming language is not approved for use within IBM products.

 You need to add the following line to your `requirements.txt` file:

```
// Assisted by WCA@IBM
// Latest GenAI contribution: ibm/granite-20b-code-instruct-v2
requests==2.27.1
```

The resulting `requirements.txt` file should look like this:

```
// Assisted by WCA@IBM
// Latest GenAI contribution: ibm/granite-20b-code-instruct-v2
flask==2.0.3
requests==2.27.1
simplejson==2.0.9
```

Rebuild the Docker image and try running the application again.",,CHAT,2024-07-20 09:45:19.674936,
user,"
```py
zhonganqing@b06 Container3 % docker run -p 5000:5000 container3 
Traceback (most recent call last):
  File ""./app/app.py"", line 4, in <module>
    from flask import Flask, request
  File ""/usr/local/lib/python3.8/site-packages/flask/__init__.py"", line 7, in <module>
    from .app import Flask as Flask
  File ""/usr/local/lib/python3.8/site-packages/flask/app.py"", line 28, in <module>
    from . import cli
  File ""/usr/local/lib/python3.8/site-packages/flask/cli.py"", line 18, in <module>
    from .helpers import get_debug_flag
  File ""/usr/local/lib/python3.8/site-packages/flask/helpers.py"", line 16, in <module>
    from werkzeug.urls import url_quote
ImportError: cannot import name 'url_quote' from 'werkzeug.urls' (/usr/local/lib/python3.8/site-packages/werkzeug/urls.py)
```

",,CHAT,2024-07-20 09:47:54.432900,
assistant,"WCA@IBM generated code in this programming language is not approved for use within IBM products.

 You need to update your `requirements.txt` file to include the `werkzeug` package:

```
// Assisted by WCA@IBM
// Latest GenAI contribution: ibm/granite-20b-code-instruct-v2
flask==2.0.3
requests==2.27.1
simplejson==2.0.9
werkzeug==2.0.3
```

Rebuild the Docker image and try running the application again.",,CHAT,2024-07-20 09:47:59.223384,
user,"Explain the following code:
````javascript
function(index, member) {
            var row = $('<tr>');
            row.append($('<td>').text(member.member_id));
            row.append($('<td>').text(member.name));
            row.append($('<td>').text(member.email));
            row.append($('<td>').text(member.phone));
            row.append($('<td>').text(member.address));
            row.append($('<td>').text(member.join_date));
            table.append(row);
        }
````",,EXPLANATION,2024-07-21 06:13:31.887626,
assistant,"```bash
// Assisted by WCA@IBM
// Latest GenAI contribution: ibm/granite-20b-code-instruct-v2
The above code is a callback function that is used to append each member's information to a table row in a jQuery document. The function takes two arguments, index and member, which represent the current index of the member being processed and the member object itself.

The code creates a new table row using the $('<tr>') method, and then appends a new table cell for each piece of member information using the $('<td>') method. The text() method is then used to add the actual text content for each cell.

Finally, the row is appended to the table using the append() method, which adds the row to the end of the table.
```",,EXPLANATION,2024-07-21 06:13:37.493443,
